<?xml version="1.0" encoding="UTF-8"?>
<robot generator="Robot 7.3.2 (Python 3.10.12 on linux)" generated="2025-11-25T10:18:58.199632" rpa="false" schemaversion="5">
<suite id="s1" name="TC POST Request" source="/home/gaurang/PycharmProjects/APIAutomation/TestCases/TC_POST_Request.robot">
<test id="s1-t1" name="PutInfo" line="9">
<kw name="Create Session" owner="RequestsLibrary">
<msg time="2025-11-25T10:18:58.280153" level="INFO">Creating Session using : alias=mysession, url=https://jsonplaceholder.typicode.com, headers={},                     cookies={}, auth=None, timeout=None, proxies=None, verify=False,                     debug=0 </msg>
<arg>mysession</arg>
<arg>${baseurl}</arg>
<doc>Create Session: create a HTTP session to a server</doc>
<status status="PASS" start="2025-11-25T10:18:58.279902" elapsed="0.000472"/>
</kw>
<kw name="Create Dictionary" owner="BuiltIn">
<msg time="2025-11-25T10:18:58.280928" level="INFO">${body} = {'title': 'foo', 'body': 'bar', 'userId': '1'}</msg>
<var>${body}</var>
<arg>title=foo</arg>
<arg>body=bar</arg>
<arg>userId=1</arg>
<doc>Creates and returns a dictionary based on the given ``items``.</doc>
<status status="PASS" start="2025-11-25T10:18:58.280581" elapsed="0.000381"/>
</kw>
<kw name="Create Dictionary" owner="BuiltIn">
<msg time="2025-11-25T10:18:58.281325" level="INFO">${header} = {'Content-Type': 'application/json; charset=UTF-8'}</msg>
<var>${header}</var>
<arg>Content-Type=application/json; charset=UTF-8</arg>
<doc>Creates and returns a dictionary based on the given ``items``.</doc>
<status status="PASS" start="2025-11-25T10:18:58.281128" elapsed="0.000227"/>
</kw>
<kw name="Post Request" owner="RequestsLibrary">
<msg time="2025-11-25T10:18:58.281540" level="WARN">Keyword 'RequestsLibrary.Post Request' is deprecated. Please use `POST On Session` instead.</msg>
<msg time="2025-11-25T10:18:58.853804" level="INFO">POST Request : url=https://jsonplaceholder.typicode.com/posts 
 path_url=/posts 
 headers={'User-Agent': 'python-requests/2.32.5', 'Accept-Encoding': 'gzip, deflate', 'Accept': '*/*', 'Connection': 'keep-alive', 'Content-Type': 'application/json; charset=UTF-8', 'Content-Length': '46'} 
 body={"title": "foo", "body": "bar", "userId": "1"} 
 </msg>
<msg time="2025-11-25T10:18:58.854234" level="INFO">POST Response : url=https://jsonplaceholder.typicode.com/posts 
 status=201, reason=Created 
 headers={'Date': 'Tue, 25 Nov 2025 04:48:58 GMT', 'Content-Type': 'application/json; charset=utf-8', 'Content-Length': '67', 'Connection': 'keep-alive', 'access-control-allow-credentials': 'true', 'access-control-expose-headers': 'Location', 'Cache-Control': 'no-cache', 'etag': 'W/"43-e0UvNeXth+6+06UFNnGIVUOlAcw"', 'expires': '-1', 'location': 'https://jsonplaceholder.typicode.com/posts/101', 'nel': '{"report_to":"heroku-nel","response_headers":["Via"],"max_age":3600,"success_fraction":0.01,"failure_fraction":0.1}', 'pragma': 'no-cache', 'report-to': '{"group":"heroku-nel","endpoints":[{"url":"https://nel.heroku.com/reports?s=929F7LlSwbditOdXLuFALDYkjXAOZLW0wjO3fYQ0wfs%3D\\u0026sid=e11707d5-02a7-43ef-b45e-2cf4d2036f7d\\u0026ts=1764046138"}],"max_age":3600}', 'reporting-endpoints': 'heroku-nel="https://nel.heroku.com/reports?s=929F7LlSwbditOdXLuFALDYkjXAOZLW0wjO3fYQ0wfs%3D&amp;sid=e11707d5-02a7-43ef-b45e-2cf4d2036f7d&amp;ts=1764046138"', 'Server': 'cloudflare', 'vary': 'Origin, X-HTTP-Method-Override, Accept-Encoding', 'via': '2.0 heroku-router', 'x-content-type-options': 'nosniff', 'x-powered-by': 'Express', 'x-ratelimit-limit': '1000', 'x-ratelimit-remaining': '999', 'x-ratelimit-reset': '1764046198', 'cf-cache-status': 'DYNAMIC', 'CF-RAY': '9a3e844dca01fd61-SIN', 'alt-svc': 'h3=":443"; ma=86400'} 
 body={
  "title": "foo",
  "body": "bar",
  "userId": "1",
  "id": 101
} 
 </msg>
<msg time="2025-11-25T10:18:58.854582" level="INFO">/home/gaurang/PycharmProjects/APIAutomation/.venv/lib/python3.10/site-packages/urllib3/connectionpool.py:1097: InsecureRequestWarning: Unverified HTTPS request is being made to host 'jsonplaceholder.typicode.com'. Adding certificate verification is strongly advised. See: https://urllib3.readthedocs.io/en/latest/advanced-usage.html#tls-warnings
  warnings.warn(</msg>
<msg time="2025-11-25T10:18:58.855135" level="INFO">${response} = &lt;Response [201]&gt;</msg>
<var>${response}</var>
<arg>mysession</arg>
<arg>/posts</arg>
<arg>data=${body}</arg>
<arg>headers=${header}</arg>
<doc>*DEPRECATED* Please use `POST On Session` instead.</doc>
<status status="PASS" start="2025-11-25T10:18:58.281494" elapsed="0.573784"/>
</kw>
<kw name="Log To Console" owner="BuiltIn">
<arg>${response.status_code}</arg>
<doc>Logs the given message to the console.</doc>
<status status="PASS" start="2025-11-25T10:18:58.856147" elapsed="0.003089"/>
</kw>
<kw name="Log To Console" owner="BuiltIn">
<arg>${response.content}</arg>
<doc>Logs the given message to the console.</doc>
<status status="PASS" start="2025-11-25T10:18:58.860048" elapsed="0.003796"/>
</kw>
<kw name="Convert To String" owner="BuiltIn">
<msg time="2025-11-25T10:18:58.868838" level="INFO">${status_code} = 201</msg>
<var>${status_code}</var>
<arg>${response.status_code}</arg>
<doc>Converts the given item to a Unicode string.</doc>
<status status="PASS" start="2025-11-25T10:18:58.864968" elapsed="0.004147"/>
</kw>
<kw name="Should Be Equal" owner="BuiltIn">
<arg>${status_code}</arg>
<arg>201</arg>
<doc>Fails if the given objects are unequal.</doc>
<status status="PASS" start="2025-11-25T10:18:58.870413" elapsed="0.001709"/>
</kw>
<kw name="Convert To String" owner="BuiltIn">
<msg time="2025-11-25T10:18:58.877295" level="INFO">${res_body} = {
  "title": "foo",
  "body": "bar",
  "userId": "1",
  "id": 101
}</msg>
<var>${res_body}</var>
<arg>${response.content}</arg>
<doc>Converts the given item to a Unicode string.</doc>
<status status="PASS" start="2025-11-25T10:18:58.873331" elapsed="0.004270"/>
</kw>
<kw name="Should Contain" owner="BuiltIn">
<arg>${res_body}</arg>
<arg>title": "foo"</arg>
<doc>Fails if ``container`` does not contain ``item`` one or more times.</doc>
<status status="PASS" start="2025-11-25T10:18:58.878746" elapsed="0.001367"/>
</kw>
<kw name="Should Contain" owner="BuiltIn">
<arg>${res_body}</arg>
<arg>"body": "bar"</arg>
<doc>Fails if ``container`` does not contain ``item`` one or more times.</doc>
<status status="PASS" start="2025-11-25T10:18:58.881360" elapsed="0.000973"/>
</kw>
<status status="PASS" start="2025-11-25T10:18:58.278994" elapsed="0.604123"/>
</test>
<status status="PASS" start="2025-11-25T10:18:58.200657" elapsed="0.684362"/>
</suite>
<statistics>
<total>
<stat pass="1" fail="0" skip="0">All Tests</stat>
</total>
<tag>
</tag>
<suite>
<stat name="TC POST Request" id="s1" pass="1" fail="0" skip="0">TC POST Request</stat>
</suite>
</statistics>
<errors>
<msg time="2025-11-25T10:18:58.281540" level="WARN">Keyword 'RequestsLibrary.Post Request' is deprecated. Please use `POST On Session` instead.</msg>
</errors>
</robot>
