<?xml version="1.0" encoding="UTF-8"?>
<robot generator="Robot 7.3.2 (Python 3.10.12 on linux)" generated="2025-11-25T11:41:08.249011" rpa="false" schemaversion="5">
<suite id="s1" name="TC" source="/home/gaurang/PycharmProjects/APIAutomation/VideoGameAPI/TC.robot">
<test id="s1-t1" name="TC1:Returns all the video games(GET)" line="9">
<kw name="Create Session" owner="RequestsLibrary">
<msg time="2025-11-25T11:41:08.328531" level="INFO">Creating Session using : alias=mysession, url=http://localhost:8080, headers={},                     cookies={}, auth=None, timeout=None, proxies=None, verify=False,                     debug=0 </msg>
<arg>mysession</arg>
<arg>${baseurl}</arg>
<doc>Create Session: create a HTTP session to a server</doc>
<status status="PASS" start="2025-11-25T11:41:08.328303" elapsed="0.000491"/>
</kw>
<kw name="Get Request" owner="RequestsLibrary">
<msg time="2025-11-25T11:41:08.328987" level="WARN">Keyword 'RequestsLibrary.Get Request' is deprecated. Please use `GET On Session` instead.</msg>
<msg time="2025-11-25T11:41:08.336041" level="INFO">GET Request : url=http://localhost:8080/app/videogames 
 path_url=/app/videogames 
 headers={'User-Agent': 'python-requests/2.32.5', 'Accept-Encoding': 'gzip, deflate', 'Accept': '*/*', 'Connection': 'keep-alive'} 
 body=None 
 </msg>
<msg time="2025-11-25T11:41:08.344015" level="INFO">GET Response : url=http://localhost:8080/app/videogames 
 status=200, reason= 
 headers={'Content-Type': 'application/xml', 'Content-Length': '2196', 'Date': 'Tue, 25 Nov 2025 06:11:08 GMT'} 
 body=&lt;?xml version="1.0" encoding="UTF-8" standalone="yes"?&gt;&lt;videoGames&gt;&lt;videoGame category="string" rating="string"&gt;&lt;id&gt;0&lt;/id&gt;&lt;name&gt;string&lt;/name&gt;&lt;releaseDate&gt;2025-11-25T00:00:00+05:30&lt;/releaseDate&gt;&lt;reviewScore&gt;0&lt;/reviewScore&gt;&lt;/videoGame&gt;&lt;videoGame category="Shooter" rating="Universal"&gt;&lt;id&gt;1&lt;/id&gt;&lt;name&gt;Resident Evil 4&lt;/name&gt;&lt;releaseDate&gt;2005-10-01T00:00:00+05:30&lt;/releaseDate&gt;&lt;reviewScore&gt;85&lt;/reviewScore&gt;&lt;/videoGame&gt;&lt;videoGame category="Driving" rating="Universal"&gt;&lt;id&gt;2&lt;/id&gt;&lt;name&gt;Gran Turismo 3&lt;/name&gt;&lt;releaseDate&gt;2001-03-10T00:00:00+05:30&lt;/releaseDate&gt;&lt;reviewScore&gt;91&lt;/reviewScore&gt;&lt;/videoGame&gt;&lt;videoGame category="Puzzle" rating="Universal"&gt;&lt;id&gt;3&lt;/id&gt;&lt;name&gt;Tetris&lt;/name&gt;&lt;releaseDate&gt;1984-06-25T00:00:00+05:30&lt;/releaseDate&gt;&lt;reviewScore&gt;88&lt;/reviewScore&gt;&lt;/videoGame&gt;&lt;videoGame category="Platform" rating="Universal"&gt;&lt;id&gt;4&lt;/id&gt;&lt;name&gt;Super Mario 64&lt;/name&gt;&lt;releaseDate&gt;1996-10-20T00:00:00+05:30&lt;/releaseDate&gt;&lt;reviewScore&gt;90&lt;/reviewScore&gt;&lt;/videoGame&gt;&lt;videoGame category="Adventure" rating="PG-13"&gt;&lt;id&gt;5&lt;/id&gt;&lt;name&gt;The Legend of Zelda: Ocarina of Time&lt;/name&gt;&lt;releaseDate&gt;1998-12-10T00:00:00+05:30&lt;/releaseDate&gt;&lt;reviewScore&gt;93&lt;/reviewScore&gt;&lt;/videoGame&gt;&lt;videoGame category="Shooter" rating="Mature"&gt;&lt;id&gt;6&lt;/id&gt;&lt;name&gt;Doom&lt;/name&gt;&lt;releaseDate&gt;1993-02-18T00:00:00+05:30&lt;/releaseDate&gt;&lt;reviewScore&gt;81&lt;/reviewScore&gt;&lt;/videoGame&gt;&lt;videoGame category="Puzzle" rating="Universal"&gt;&lt;id&gt;7&lt;/id&gt;&lt;name&gt;Minecraft&lt;/name&gt;&lt;releaseDate&gt;2011-12-05T00:00:00+05:30&lt;/releaseDate&gt;&lt;reviewScore&gt;77&lt;/reviewScore&gt;&lt;/videoGame&gt;&lt;videoGame category="Strategy" rating="Universal"&gt;&lt;id&gt;8&lt;/id&gt;&lt;name&gt;SimCity 2000&lt;/name&gt;&lt;releaseDate&gt;1994-09-11T00:00:00+05:30&lt;/releaseDate&gt;&lt;reviewScore&gt;88&lt;/reviewScore&gt;&lt;/videoGame&gt;&lt;videoGame category="RPG" rating="PG-13"&gt;&lt;id&gt;9&lt;/id&gt;&lt;name&gt;Final Fantasy VII&lt;/name&gt;&lt;releaseDate&gt;1997-08-20T00:00:00+05:30&lt;/releaseDate&gt;&lt;reviewScore&gt;97&lt;/reviewScore&gt;&lt;/videoGame&gt;&lt;videoGame category="Driving" rating="Mature"&gt;&lt;id&gt;10&lt;/id&gt;&lt;name&gt;Grand Theft Auto III&lt;/name&gt;&lt;releaseDate&gt;2001-04-23T00:00:00+05:30&lt;/releaseDate&gt;&lt;reviewScore&gt;90&lt;/reviewScore&gt;&lt;/videoGame&gt;&lt;videoGame category="string" rating="string"&gt;&lt;id&gt;501&lt;/id&gt;&lt;name&gt;string&lt;/name&gt;&lt;releaseDate&gt;2025-11-25T00:00:00+05:30&lt;/releaseDate&gt;&lt;reviewScore&gt;0&lt;/reviewScore&gt;&lt;/videoGame&gt;&lt;/videoGames&gt; 
 </msg>
<msg time="2025-11-25T11:41:08.344231" level="INFO">${response} = &lt;Response [200]&gt;</msg>
<var>${response}</var>
<arg>mysession</arg>
<arg>/app/videogames</arg>
<doc>*DEPRECATED* Please use `GET On Session` instead.</doc>
<status status="PASS" start="2025-11-25T11:41:08.328956" elapsed="0.015310"/>
</kw>
<kw name="Log To Console" owner="BuiltIn">
<arg>${response.status_code}</arg>
<doc>Logs the given message to the console.</doc>
<status status="PASS" start="2025-11-25T11:41:08.344481" elapsed="0.000540"/>
</kw>
<kw name="Log To Console" owner="BuiltIn">
<arg>${response.content}</arg>
<doc>Logs the given message to the console.</doc>
<status status="PASS" start="2025-11-25T11:41:08.345170" elapsed="0.000481"/>
</kw>
<kw name="Convert To String" owner="BuiltIn">
<msg time="2025-11-25T11:41:08.346430" level="INFO">${status_code} = 200</msg>
<var>${status_code}</var>
<arg>${response.status_code}</arg>
<doc>Converts the given item to a Unicode string.</doc>
<status status="PASS" start="2025-11-25T11:41:08.345795" elapsed="0.000678"/>
</kw>
<kw name="Should Be Equal" owner="BuiltIn">
<arg>${status_code}</arg>
<arg>200</arg>
<doc>Fails if the given objects are unequal.</doc>
<status status="PASS" start="2025-11-25T11:41:08.346687" elapsed="0.000252"/>
</kw>
<status status="PASS" start="2025-11-25T11:41:08.327433" elapsed="0.019692"/>
</test>
<test id="s1-t2" name="TC2:Add a new video game(POST)" line="21">
<kw name="Create Session" owner="RequestsLibrary">
<msg time="2025-11-25T11:41:08.348005" level="INFO">Creating Session using : alias=mysession, url=http://localhost:8080, headers={},                     cookies={}, auth=None, timeout=None, proxies=None, verify=False,                     debug=0 </msg>
<arg>mysession</arg>
<arg>${baseurl}</arg>
<doc>Create Session: create a HTTP session to a server</doc>
<status status="PASS" start="2025-11-25T11:41:08.347765" elapsed="0.000436"/>
</kw>
<kw name="Create Dictionary" owner="BuiltIn">
<msg time="2025-11-25T11:41:08.348774" level="INFO">${body} = {'id': '100', 'name': 'spiderman', 'releaseDate': '2025-11-25T05:24:51.667Z', 'reviewScore': '4', 'category': 'adventure', 'rating': 'high'}</msg>
<var>${body}</var>
<arg>id=100</arg>
<arg>name=spiderman</arg>
<arg>releaseDate=2025-11-25T05:24:51.667Z</arg>
<arg>reviewScore=4</arg>
<arg>category=adventure</arg>
<arg>rating=high</arg>
<doc>Creates and returns a dictionary based on the given ``items``.</doc>
<status status="PASS" start="2025-11-25T11:41:08.348424" elapsed="0.000389"/>
</kw>
<kw name="Create Dictionary" owner="BuiltIn">
<msg time="2025-11-25T11:41:08.349308" level="INFO">${header} = {'Content-Type': 'application/json'}</msg>
<var>${header}</var>
<arg>Content-Type=application/json</arg>
<doc>Creates and returns a dictionary based on the given ``items``.</doc>
<status status="PASS" start="2025-11-25T11:41:08.349021" elapsed="0.000330"/>
</kw>
<kw name="Post Request" owner="RequestsLibrary">
<msg time="2025-11-25T11:41:08.349603" level="WARN">Keyword 'RequestsLibrary.Post Request' is deprecated. Please use `POST On Session` instead.</msg>
<msg time="2025-11-25T11:41:08.354543" level="INFO">POST Request : url=http://localhost:8080/app/videogames 
 path_url=/app/videogames 
 headers={'User-Agent': 'python-requests/2.32.5', 'Accept-Encoding': 'gzip, deflate', 'Accept': '*/*', 'Connection': 'keep-alive', 'Content-Type': 'application/json', 'Content-Length': '140'} 
 body={"id": "100", "name": "spiderman", "releaseDate": "2025-11-25T05:24:51.667Z", "reviewScore": "4", "category": "adventure", "rating": "high"} 
 </msg>
<msg time="2025-11-25T11:41:08.355364" level="INFO">POST Response : url=http://localhost:8080/app/videogames 
 status=200, reason= 
 headers={'Content-Type': 'application/xml', 'Content-Length': '39', 'Date': 'Tue, 25 Nov 2025 06:11:08 GMT'} 
 body={"status": "Record Added Successfully"} 
 </msg>
<msg time="2025-11-25T11:41:08.355566" level="INFO">${response} = &lt;Response [200]&gt;</msg>
<var>${response}</var>
<arg>mysession</arg>
<arg>/app/videogames</arg>
<arg>data=${body}</arg>
<arg>headers=${header}</arg>
<doc>*DEPRECATED* Please use `POST On Session` instead.</doc>
<status status="PASS" start="2025-11-25T11:41:08.349561" elapsed="0.006042"/>
</kw>
<kw name="Log To Console" owner="BuiltIn">
<arg>${response.status_code}</arg>
<doc>Logs the given message to the console.</doc>
<status status="PASS" start="2025-11-25T11:41:08.355837" elapsed="0.000610"/>
</kw>
<kw name="Log To Console" owner="BuiltIn">
<arg>${response.content}</arg>
<doc>Logs the given message to the console.</doc>
<status status="PASS" start="2025-11-25T11:41:08.356727" elapsed="0.000739"/>
</kw>
<kw name="Convert To String" owner="BuiltIn">
<msg time="2025-11-25T11:41:08.358458" level="INFO">${status_code} = 200</msg>
<var>${status_code}</var>
<arg>${response.status_code}</arg>
<doc>Converts the given item to a Unicode string.</doc>
<status status="PASS" start="2025-11-25T11:41:08.357722" elapsed="0.000807"/>
</kw>
<kw name="Should Be Equal" owner="BuiltIn">
<arg>${status_code}</arg>
<arg>200</arg>
<doc>Fails if the given objects are unequal.</doc>
<status status="PASS" start="2025-11-25T11:41:08.358809" elapsed="0.000295"/>
</kw>
<kw name="Convert To String" owner="BuiltIn">
<msg time="2025-11-25T11:41:08.360106" level="INFO">${res_body} = {"status": "Record Added Successfully"}</msg>
<var>${res_body}</var>
<arg>${response.content}</arg>
<doc>Converts the given item to a Unicode string.</doc>
<status status="PASS" start="2025-11-25T11:41:08.359360" elapsed="0.000795"/>
</kw>
<kw name="Should Contain" owner="BuiltIn">
<arg>${res_body}</arg>
<arg>Record Added Successfully</arg>
<doc>Fails if ``container`` does not contain ``item`` one or more times.</doc>
<status status="PASS" start="2025-11-25T11:41:08.360372" elapsed="0.000230"/>
</kw>
<status status="PASS" start="2025-11-25T11:41:08.347349" elapsed="0.013430"/>
</test>
<test id="s1-t3" name="TC3:Returns detail of single game by ID(GET)" line="38">
<kw name="Create Session" owner="RequestsLibrary">
<msg time="2025-11-25T11:41:08.361825" level="INFO">Creating Session using : alias=mysession, url=http://localhost:8080, headers={},                     cookies={}, auth=None, timeout=None, proxies=None, verify=False,                     debug=0 </msg>
<arg>mysession</arg>
<arg>${baseurl}</arg>
<doc>Create Session: create a HTTP session to a server</doc>
<status status="PASS" start="2025-11-25T11:41:08.361487" elapsed="0.000580"/>
</kw>
<kw name="Get Request" owner="RequestsLibrary">
<msg time="2025-11-25T11:41:08.362364" level="WARN">Keyword 'RequestsLibrary.Get Request' is deprecated. Please use `GET On Session` instead.</msg>
<msg time="2025-11-25T11:41:08.367107" level="INFO">GET Request : url=http://localhost:8080/app/videogames/100 
 path_url=/app/videogames/100 
 headers={'User-Agent': 'python-requests/2.32.5', 'Accept-Encoding': 'gzip, deflate', 'Accept': '*/*', 'Connection': 'keep-alive'} 
 body=None 
 </msg>
<msg time="2025-11-25T11:41:08.369942" level="INFO">GET Response : url=http://localhost:8080/app/videogames/100 
 status=200, reason= 
 headers={'Content-Type': 'application/xml', 'Content-Length': '227', 'Date': 'Tue, 25 Nov 2025 06:11:08 GMT'} 
 body=&lt;?xml version="1.0" encoding="UTF-8" standalone="yes"?&gt;&lt;videoGame category="adventure" rating="high"&gt;&lt;id&gt;100&lt;/id&gt;&lt;name&gt;spiderman&lt;/name&gt;&lt;releaseDate&gt;2025-11-25T00:00:00+05:30&lt;/releaseDate&gt;&lt;reviewScore&gt;4&lt;/reviewScore&gt;&lt;/videoGame&gt; 
 </msg>
<msg time="2025-11-25T11:41:08.370157" level="INFO">${response} = &lt;Response [200]&gt;</msg>
<var>${response}</var>
<arg>mysession</arg>
<arg>/app/videogames/100</arg>
<doc>*DEPRECATED* Please use `GET On Session` instead.</doc>
<status status="PASS" start="2025-11-25T11:41:08.362313" elapsed="0.007879"/>
</kw>
<kw name="Log To Console" owner="BuiltIn">
<arg>${response.status_code}</arg>
<doc>Logs the given message to the console.</doc>
<status status="PASS" start="2025-11-25T11:41:08.370432" elapsed="0.000584"/>
</kw>
<kw name="Log To Console" owner="BuiltIn">
<arg>${response.content}</arg>
<doc>Logs the given message to the console.</doc>
<status status="PASS" start="2025-11-25T11:41:08.371251" elapsed="0.000751"/>
</kw>
<kw name="Convert To String" owner="BuiltIn">
<msg time="2025-11-25T11:41:08.372731" level="INFO">${status_code} = 200</msg>
<var>${status_code}</var>
<arg>${response.status_code}</arg>
<doc>Converts the given item to a Unicode string.</doc>
<status status="PASS" start="2025-11-25T11:41:08.372188" elapsed="0.000578"/>
</kw>
<kw name="Should Be Equal" owner="BuiltIn">
<arg>${status_code}</arg>
<arg>200</arg>
<doc>Fails if the given objects are unequal.</doc>
<status status="PASS" start="2025-11-25T11:41:08.372938" elapsed="0.000210"/>
</kw>
<kw name="Convert To String" owner="BuiltIn">
<msg time="2025-11-25T11:41:08.373802" level="INFO">${body} = &lt;?xml version="1.0" encoding="UTF-8" standalone="yes"?&gt;&lt;videoGame category="adventure" rating="high"&gt;&lt;id&gt;100&lt;/id&gt;&lt;name&gt;spiderman&lt;/name&gt;&lt;releaseDate&gt;2025-11-25T00:00:00+05:30&lt;/releaseDate&gt;&lt;reviewScore&gt;...</msg>
<var>${body}</var>
<arg>${response.content}</arg>
<doc>Converts the given item to a Unicode string.</doc>
<status status="PASS" start="2025-11-25T11:41:08.373299" elapsed="0.000540"/>
</kw>
<kw name="Should Contain" owner="BuiltIn">
<arg>${body}</arg>
<arg>spiderman</arg>
<doc>Fails if ``container`` does not contain ``item`` one or more times.</doc>
<status status="PASS" start="2025-11-25T11:41:08.373992" elapsed="0.000187"/>
</kw>
<status status="PASS" start="2025-11-25T11:41:08.361012" elapsed="0.013339"/>
</test>
<test id="s1-t4" name="TC4:Update an existing video game by specifing a new body(PUT)" line="53">
<kw name="Create Session" owner="RequestsLibrary">
<msg time="2025-11-25T11:41:08.375758" level="INFO">Creating Session using : alias=mysession, url=http://localhost:8080, headers={},                     cookies={}, auth=None, timeout=None, proxies=None, verify=False,                     debug=0 </msg>
<arg>mysession</arg>
<arg>${baseurl}</arg>
<doc>Create Session: create a HTTP session to a server</doc>
<status status="PASS" start="2025-11-25T11:41:08.375410" elapsed="0.000647"/>
</kw>
<kw name="Create Dictionary" owner="BuiltIn">
<msg time="2025-11-25T11:41:08.376789" level="INFO">${body} = {'id': '100', 'name': 'batman', 'releaseDate': '2025-11-25T05:24:51.667Z', 'reviewScore': '4', 'category': 'adventure', 'rating': 'high'}</msg>
<var>${body}</var>
<arg>id=100</arg>
<arg>name=batman</arg>
<arg>releaseDate=2025-11-25T05:24:51.667Z</arg>
<arg>reviewScore=4</arg>
<arg>category=adventure</arg>
<arg>rating=high</arg>
<doc>Creates and returns a dictionary based on the given ``items``.</doc>
<status status="PASS" start="2025-11-25T11:41:08.376336" elapsed="0.000509"/>
</kw>
<kw name="Create Dictionary" owner="BuiltIn">
<msg time="2025-11-25T11:41:08.377498" level="INFO">${header} = {'Content-Type': 'application/json'}</msg>
<var>${header}</var>
<arg>Content-Type=application/json</arg>
<doc>Creates and returns a dictionary based on the given ``items``.</doc>
<status status="PASS" start="2025-11-25T11:41:08.377142" elapsed="0.000435"/>
</kw>
<kw name="Put Request" owner="RequestsLibrary">
<msg time="2025-11-25T11:41:08.377905" level="WARN">Keyword 'RequestsLibrary.Put Request' is deprecated. Please use `PUT On Session` instead.</msg>
<msg time="2025-11-25T11:41:08.384074" level="INFO">PUT Request : url=http://localhost:8080/app/videogames/100 
 path_url=/app/videogames/100 
 headers={'User-Agent': 'python-requests/2.32.5', 'Accept-Encoding': 'gzip, deflate', 'Accept': '*/*', 'Connection': 'keep-alive', 'Content-Type': 'application/json', 'Content-Length': '137'} 
 body={"id": "100", "name": "batman", "releaseDate": "2025-11-25T05:24:51.667Z", "reviewScore": "4", "category": "adventure", "rating": "high"} 
 </msg>
<msg time="2025-11-25T11:41:08.386888" level="INFO">PUT Response : url=http://localhost:8080/app/videogames/100 
 status=200, reason= 
 headers={'Content-Type': 'application/xml', 'Content-Length': '224', 'Date': 'Tue, 25 Nov 2025 06:11:08 GMT'} 
 body=&lt;?xml version="1.0" encoding="UTF-8" standalone="yes"?&gt;&lt;videoGame category="adventure" rating="high"&gt;&lt;id&gt;100&lt;/id&gt;&lt;name&gt;batman&lt;/name&gt;&lt;releaseDate&gt;2025-11-25T00:00:00+05:30&lt;/releaseDate&gt;&lt;reviewScore&gt;4&lt;/reviewScore&gt;&lt;/videoGame&gt; 
 </msg>
<msg time="2025-11-25T11:41:08.387061" level="INFO">${response} = &lt;Response [200]&gt;</msg>
<var>${response}</var>
<arg>mysession</arg>
<arg>/app/videogames/100</arg>
<arg>data=${body}</arg>
<arg>headers=${header}</arg>
<doc>*DEPRECATED* Please use `PUT On Session` instead.</doc>
<status status="PASS" start="2025-11-25T11:41:08.377852" elapsed="0.009245"/>
</kw>
<kw name="Log To Console" owner="BuiltIn">
<arg>${response.status_code}</arg>
<doc>Logs the given message to the console.</doc>
<status status="PASS" start="2025-11-25T11:41:08.387350" elapsed="0.000620"/>
</kw>
<kw name="Log To Console" owner="BuiltIn">
<arg>${response.content}</arg>
<doc>Logs the given message to the console.</doc>
<status status="PASS" start="2025-11-25T11:41:08.388163" elapsed="0.000582"/>
</kw>
<kw name="Convert To String" owner="BuiltIn">
<msg time="2025-11-25T11:41:08.389533" level="INFO">${status_code} = 200</msg>
<var>${status_code}</var>
<arg>${response.status_code}</arg>
<doc>Converts the given item to a Unicode string.</doc>
<status status="PASS" start="2025-11-25T11:41:08.388939" elapsed="0.000638"/>
</kw>
<kw name="Should Be Equal" owner="BuiltIn">
<arg>${status_code}</arg>
<arg>200</arg>
<doc>Fails if the given objects are unequal.</doc>
<status status="PASS" start="2025-11-25T11:41:08.389808" elapsed="0.000319"/>
</kw>
<kw name="Convert To String" owner="BuiltIn">
<msg time="2025-11-25T11:41:08.391534" level="INFO">${res_body} = &lt;?xml version="1.0" encoding="UTF-8" standalone="yes"?&gt;&lt;videoGame category="adventure" rating="high"&gt;&lt;id&gt;100&lt;/id&gt;&lt;name&gt;batman&lt;/name&gt;&lt;releaseDate&gt;2025-11-25T00:00:00+05:30&lt;/releaseDate&gt;&lt;reviewScore&gt;4&lt;/...</msg>
<var>${res_body}</var>
<arg>${response.content}</arg>
<doc>Converts the given item to a Unicode string.</doc>
<status status="PASS" start="2025-11-25T11:41:08.390373" elapsed="0.001231"/>
</kw>
<kw name="Should Contain" owner="BuiltIn">
<arg>${res_body}</arg>
<arg>batman</arg>
<doc>Fails if ``container`` does not contain ``item`` one or more times.</doc>
<status status="PASS" start="2025-11-25T11:41:08.391954" elapsed="0.000313"/>
</kw>
<status status="PASS" start="2025-11-25T11:41:08.374689" elapsed="0.017776"/>
</test>
<test id="s1-t5" name="TC5:Deletes a video game by ID(DELETE)" line="70">
<kw name="Create Session" owner="RequestsLibrary">
<msg time="2025-11-25T11:41:08.393357" level="INFO">Creating Session using : alias=mysession, url=http://localhost:8080, headers={},                     cookies={}, auth=None, timeout=None, proxies=None, verify=False,                     debug=0 </msg>
<arg>mysession</arg>
<arg>${baseurl}</arg>
<doc>Create Session: create a HTTP session to a server</doc>
<status status="PASS" start="2025-11-25T11:41:08.393131" elapsed="0.000424"/>
</kw>
<kw name="Delete Request" owner="RequestsLibrary">
<msg time="2025-11-25T11:41:08.393775" level="WARN">Keyword 'RequestsLibrary.Delete Request' is deprecated. Please use `DELETE On Session` instead.</msg>
<msg time="2025-11-25T11:41:08.398249" level="INFO">DELETE Request : url=http://localhost:8080/app/videogames/100 
 path_url=/app/videogames/100 
 headers={'User-Agent': 'python-requests/2.32.5', 'Accept-Encoding': 'gzip, deflate', 'Accept': '*/*', 'Connection': 'keep-alive', 'Content-Length': '0'} 
 body=None 
 </msg>
<msg time="2025-11-25T11:41:08.398684" level="INFO">DELETE Response : url=http://localhost:8080/app/videogames/100 
 status=200, reason= 
 headers={'Content-Type': 'application/xml', 'Content-Length': '41', 'Date': 'Tue, 25 Nov 2025 06:11:08 GMT'} 
 body={"status": "Record Deleted Successfully"} 
 </msg>
<msg time="2025-11-25T11:41:08.398931" level="INFO">${response} = &lt;Response [200]&gt;</msg>
<var>${response}</var>
<arg>mysession</arg>
<arg>/app/videogames/100</arg>
<doc>*DEPRECATED* Please use `DELETE On Session` instead.</doc>
<status status="PASS" start="2025-11-25T11:41:08.393739" elapsed="0.005259"/>
</kw>
<kw name="Log To Console" owner="BuiltIn">
<arg>${response.status_code}</arg>
<doc>Logs the given message to the console.</doc>
<status status="PASS" start="2025-11-25T11:41:08.399361" elapsed="0.000983"/>
</kw>
<kw name="Log To Console" owner="BuiltIn">
<arg>${response.content}</arg>
<doc>Logs the given message to the console.</doc>
<status status="PASS" start="2025-11-25T11:41:08.400657" elapsed="0.000917"/>
</kw>
<kw name="Convert To String" owner="BuiltIn">
<msg time="2025-11-25T11:41:08.402870" level="INFO">${status_code} = 200</msg>
<var>${status_code}</var>
<arg>${response.status_code}</arg>
<doc>Converts the given item to a Unicode string.</doc>
<status status="PASS" start="2025-11-25T11:41:08.401895" elapsed="0.001040"/>
</kw>
<kw name="Should Be Equal" owner="BuiltIn">
<arg>${status_code}</arg>
<arg>200</arg>
<doc>Fails if the given objects are unequal.</doc>
<status status="PASS" start="2025-11-25T11:41:08.403230" elapsed="0.000373"/>
</kw>
<kw name="Convert To String" owner="BuiltIn">
<msg time="2025-11-25T11:41:08.404336" level="INFO">${res_body} = {"status": "Record Deleted Successfully"}</msg>
<var>${res_body}</var>
<arg>${response.content}</arg>
<doc>Converts the given item to a Unicode string.</doc>
<status status="PASS" start="2025-11-25T11:41:08.403796" elapsed="0.000574"/>
</kw>
<kw name="Should Contain" owner="BuiltIn">
<arg>${res_body}</arg>
<arg>Record Deleted Successfully</arg>
<doc>Fails if ``container`` does not contain ``item`` one or more times.</doc>
<status status="PASS" start="2025-11-25T11:41:08.404535" elapsed="0.000185"/>
</kw>
<status status="PASS" start="2025-11-25T11:41:08.392727" elapsed="0.012156"/>
</test>
<status status="PASS" start="2025-11-25T11:41:08.250082" elapsed="0.155232"/>
</suite>
<statistics>
<total>
<stat pass="5" fail="0" skip="0">All Tests</stat>
</total>
<tag>
</tag>
<suite>
<stat name="TC" id="s1" pass="5" fail="0" skip="0">TC</stat>
</suite>
</statistics>
<errors>
<msg time="2025-11-25T11:41:08.328987" level="WARN">Keyword 'RequestsLibrary.Get Request' is deprecated. Please use `GET On Session` instead.</msg>
<msg time="2025-11-25T11:41:08.349603" level="WARN">Keyword 'RequestsLibrary.Post Request' is deprecated. Please use `POST On Session` instead.</msg>
<msg time="2025-11-25T11:41:08.362364" level="WARN">Keyword 'RequestsLibrary.Get Request' is deprecated. Please use `GET On Session` instead.</msg>
<msg time="2025-11-25T11:41:08.377905" level="WARN">Keyword 'RequestsLibrary.Put Request' is deprecated. Please use `PUT On Session` instead.</msg>
<msg time="2025-11-25T11:41:08.393775" level="WARN">Keyword 'RequestsLibrary.Delete Request' is deprecated. Please use `DELETE On Session` instead.</msg>
</errors>
</robot>
