<?xml version="1.0" encoding="UTF-8"?>
<robot generator="Robot 7.3.2 (Python 3.10.12 on linux)" generated="2025-11-19T11:05:15.717225" rpa="false" schemaversion="5">
<suite id="s1" name="TestCases" source="/home/gaurang/PycharmProjects/PomAutomation/TestCases">
<suite id="s1-s1" name="RegistrationTest" source="/home/gaurang/PycharmProjects/PomAutomation/TestCases/RegistrationTest.robot">
<test id="s1-s1-t1" name="Register" line="14">
<kw name="Open my Browser" owner="RegisterKeywords">
<kw name="Open Browser" owner="SeleniumLibrary">
<msg time="2025-11-19T11:05:15.890013" level="INFO">Opening browser 'chrome' to base url 'https://demoqa.com/automation-practice-form'.</msg>
<arg>${SiteUrl}</arg>
<arg>${Browser}</arg>
<doc>Opens a new browser instance to the optional ``url``.</doc>
<status status="PASS" start="2025-11-19T11:05:15.889675" elapsed="11.143122"/>
</kw>
<kw name="Maximize Browser Window" owner="SeleniumLibrary">
<doc>Maximizes current browser window.</doc>
<status status="PASS" start="2025-11-19T11:05:27.033807" elapsed="0.037418"/>
</kw>
<arg>${SiteUrl}</arg>
<arg>${Browser}</arg>
<status status="PASS" start="2025-11-19T11:05:15.888698" elapsed="11.182777"/>
</kw>
<kw name="Enter First Name" owner="RegisterKeywords">
<kw name="Input Text" owner="SeleniumLibrary">
<msg time="2025-11-19T11:05:27.073457" level="INFO">Typing text 'student' into text field 'id:firstName'.</msg>
<arg>${txt_FirstName}</arg>
<arg>${firstname}</arg>
<doc>Types the given ``text`` into the text field identified by ``locator``.</doc>
<status status="PASS" start="2025-11-19T11:05:27.072560" elapsed="0.110874"/>
</kw>
<arg>${firstname}</arg>
<status status="PASS" start="2025-11-19T11:05:27.071855" elapsed="0.111778"/>
</kw>
<kw name="Enter Last Name" owner="RegisterKeywords">
<kw name="Input Text" owner="SeleniumLibrary">
<msg time="2025-11-19T11:05:27.184859" level="INFO">Typing text 'Password123' into text field 'id:lastName'.</msg>
<arg>${txt_LastName}</arg>
<arg>${lastname}</arg>
<doc>Types the given ``text`` into the text field identified by ``locator``.</doc>
<status status="PASS" start="2025-11-19T11:05:27.184492" elapsed="0.076616"/>
</kw>
<arg>${lastname}</arg>
<status status="PASS" start="2025-11-19T11:05:27.183920" elapsed="0.077358"/>
</kw>
<kw name="Enter Email" owner="RegisterKeywords">
<kw name="Input Text" owner="SeleniumLibrary">
<msg time="2025-11-19T11:05:27.262382" level="INFO">Typing text 'qwerty@demo.com' into text field 'id:userEmail'.</msg>
<arg>${txt_email}</arg>
<arg>${email}</arg>
<doc>Types the given ``text`` into the text field identified by ``locator``.</doc>
<status status="PASS" start="2025-11-19T11:05:27.262017" elapsed="0.078724"/>
</kw>
<arg>${email}</arg>
<status status="PASS" start="2025-11-19T11:05:27.261563" elapsed="0.079394"/>
</kw>
<kw name="Select Gender" owner="RegisterKeywords">
<kw name="Click Element" owner="SeleniumLibrary">
<msg time="2025-11-19T11:05:27.342287" level="INFO">Clicking element 'xpath://label[@for='gender-radio-1']'.</msg>
<arg>${txt_gender}</arg>
<doc>Click the element identified by ``locator``.</doc>
<status status="PASS" start="2025-11-19T11:05:27.341854" elapsed="0.077223"/>
</kw>
<status status="PASS" start="2025-11-19T11:05:27.341236" elapsed="0.077995"/>
</kw>
<kw name="Enter Phone" owner="RegisterKeywords">
<kw name="Input Text" owner="SeleniumLibrary">
<msg time="2025-11-19T11:05:27.420207" level="INFO">Typing text '1234567890' into text field 'id:userNumber'.</msg>
<arg>${txt_phone}</arg>
<arg>${phone}</arg>
<doc>Types the given ``text`` into the text field identified by ``locator``.</doc>
<status status="PASS" start="2025-11-19T11:05:27.419888" elapsed="0.073403"/>
</kw>
<arg>${phone}</arg>
<status status="PASS" start="2025-11-19T11:05:27.419463" elapsed="0.074006"/>
</kw>
<kw name="Click Submit" owner="RegisterKeywords">
<kw name="Execute Javascript" owner="SeleniumLibrary">
<msg time="2025-11-19T11:05:27.494488" level="INFO">Executing JavaScript:
window.scrollTo(0,document.body.scrollHeight)
Without any arguments.</msg>
<arg>window.scrollTo(0,document.body.scrollHeight)</arg>
<doc>Executes the given JavaScript code with possible arguments.</doc>
<status status="PASS" start="2025-11-19T11:05:27.494101" elapsed="0.004457"/>
</kw>
<kw name="Click Button" owner="SeleniumLibrary">
<msg time="2025-11-19T11:05:27.499180" level="INFO">Clicking button 'xpath://button[@id='submit']'.</msg>
<arg>${butn_submit}</arg>
<doc>Clicks the button identified by ``locator``.</doc>
<status status="PASS" start="2025-11-19T11:05:27.498778" elapsed="0.104905"/>
</kw>
<status status="PASS" start="2025-11-19T11:05:27.493713" elapsed="0.110130"/>
</kw>
<kw name="Sleep" owner="BuiltIn">
<msg time="2025-11-19T11:05:30.604641" level="INFO">Slept 3 seconds.</msg>
<arg>3 seconds</arg>
<doc>Pauses the test executed for the given time.</doc>
<status status="PASS" start="2025-11-19T11:05:27.604034" elapsed="3.001094"/>
</kw>
<kw name="Verify Successful Login" owner="RegisterKeywords">
<kw name="Page Should Contain" owner="SeleniumLibrary">
<msg time="2025-11-19T11:05:30.635401" level="INFO">Current page contains text 'Thanks for submitting the form'.</msg>
<arg>Thanks for submitting the form</arg>
<doc>Verifies that current page contains ``text``.</doc>
<status status="PASS" start="2025-11-19T11:05:30.608130" elapsed="0.027449"/>
</kw>
<status status="PASS" start="2025-11-19T11:05:30.606233" elapsed="0.029490"/>
</kw>
<kw name="Close my Browsers" owner="RegisterKeywords">
<kw name="Close All Browsers" owner="SeleniumLibrary">
<doc>Closes all open browsers and resets the browser cache.</doc>
<status status="PASS" start="2025-11-19T11:05:30.636314" elapsed="0.066819"/>
</kw>
<status status="PASS" start="2025-11-19T11:05:30.635947" elapsed="0.067378"/>
</kw>
<status status="PASS" start="2025-11-19T11:05:15.887931" elapsed="14.815640"/>
</test>
<status status="PASS" start="2025-11-19T11:05:15.741956" elapsed="14.962222"/>
</suite>
<status status="PASS" start="2025-11-19T11:05:15.722901" elapsed="14.982379"/>
</suite>
<statistics>
<total>
<stat pass="1" fail="0" skip="0">All Tests</stat>
</total>
<tag>
</tag>
<suite>
<stat name="TestCases" id="s1" pass="1" fail="0" skip="0">TestCases</stat>
<stat name="RegistrationTest" id="s1-s1" pass="1" fail="0" skip="0">TestCases.RegistrationTest</stat>
</suite>
</statistics>
<errors>
</errors>
</robot>
