<?xml version="1.0" encoding="UTF-8"?>
<robot generator="Robot 7.3.2 (Python 3.10.12 on linux)" generated="2025-11-19T11:20:02.345822" rpa="false" schemaversion="5">
<suite id="s1" name="TestCases" source="/home/gaurang/PycharmProjects/PomAutomation/TestCases">
<suite id="s1-s1" name="RegistrationTest" source="/home/gaurang/PycharmProjects/PomAutomation/TestCases/RegistrationTest.robot">
<test id="s1-s1-t1" name="Register" line="14">
<kw name="Open my Browser" owner="RegisterKeywords">
<kw name="Open Browser" owner="SeleniumLibrary">
<msg time="2025-11-19T11:20:02.515679" level="INFO">Opening browser 'chrome' to base url 'https://demoqa.com/automation-practice-form'.</msg>
<arg>${SiteUrl}</arg>
<arg>${Browser}</arg>
<doc>Opens a new browser instance to the optional ``url``.</doc>
<status status="PASS" start="2025-11-19T11:20:02.515332" elapsed="4.831798"/>
</kw>
<kw name="Maximize Browser Window" owner="SeleniumLibrary">
<doc>Maximizes current browser window.</doc>
<status status="PASS" start="2025-11-19T11:20:07.347400" elapsed="0.030115"/>
</kw>
<arg>${SiteUrl}</arg>
<arg>${Browser}</arg>
<status status="PASS" start="2025-11-19T11:20:02.514361" elapsed="4.863362"/>
</kw>
<kw name="Enter First Name" owner="RegisterKeywords">
<kw name="Input Text" owner="SeleniumLibrary">
<msg time="2025-11-19T11:20:07.379374" level="INFO">Typing text 'student' into text field 'id:firstName'.</msg>
<arg>${txt_FirstName}</arg>
<arg>${firstname}</arg>
<doc>Types the given ``text`` into the text field identified by ``locator``.</doc>
<status status="PASS" start="2025-11-19T11:20:07.378562" elapsed="0.104406"/>
</kw>
<arg>${firstname}</arg>
<status status="PASS" start="2025-11-19T11:20:07.377990" elapsed="0.105146"/>
</kw>
<kw name="Enter Last Name" owner="RegisterKeywords">
<kw name="Input Text" owner="SeleniumLibrary">
<msg time="2025-11-19T11:20:07.484274" level="INFO">Typing text 'Password123' into text field 'id:lastName'.</msg>
<arg>${txt_LastName}</arg>
<arg>${lastname}</arg>
<doc>Types the given ``text`` into the text field identified by ``locator``.</doc>
<status status="PASS" start="2025-11-19T11:20:07.483868" elapsed="0.100260"/>
</kw>
<arg>${lastname}</arg>
<status status="PASS" start="2025-11-19T11:20:07.483372" elapsed="0.100997"/>
</kw>
<kw name="Enter Email" owner="RegisterKeywords">
<kw name="Input Text" owner="SeleniumLibrary">
<msg time="2025-11-19T11:20:07.586972" level="INFO">Typing text 'qwerty@demo.com' into text field 'id:userEmail'.</msg>
<arg>${txt_email}</arg>
<arg>${email}</arg>
<doc>Types the given ``text`` into the text field identified by ``locator``.</doc>
<status status="PASS" start="2025-11-19T11:20:07.586289" elapsed="0.096519"/>
</kw>
<arg>${email}</arg>
<status status="PASS" start="2025-11-19T11:20:07.584708" elapsed="0.098268"/>
</kw>
<kw name="Select Gender" owner="RegisterKeywords">
<kw name="Click Element" owner="SeleniumLibrary">
<msg time="2025-11-19T11:20:07.683909" level="INFO">Clicking element 'xpath://label[@for='gender-radio-1']'.</msg>
<arg>${txt_gender}</arg>
<doc>Click the element identified by ``locator``.</doc>
<status status="PASS" start="2025-11-19T11:20:07.683598" elapsed="0.101329"/>
</kw>
<status status="PASS" start="2025-11-19T11:20:07.683200" elapsed="0.101891"/>
</kw>
<kw name="Enter Phone" owner="RegisterKeywords">
<kw name="Input Text" owner="SeleniumLibrary">
<msg time="2025-11-19T11:20:07.786141" level="INFO">Typing text '1234567890' into text field 'id:userNumber'.</msg>
<arg>${txt_phone}</arg>
<arg>${phone}</arg>
<doc>Types the given ``text`` into the text field identified by ``locator``.</doc>
<status status="PASS" start="2025-11-19T11:20:07.785824" elapsed="0.086052"/>
</kw>
<arg>${phone}</arg>
<status status="PASS" start="2025-11-19T11:20:07.785367" elapsed="0.086683"/>
</kw>
<kw name="Click Submit" owner="RegisterKeywords">
<kw name="Execute Javascript" owner="SeleniumLibrary">
<msg time="2025-11-19T11:20:07.873363" level="INFO">Executing JavaScript:
window.scrollTo(0,document.body.scrollHeight)
Without any arguments.</msg>
<arg>window.scrollTo(0,document.body.scrollHeight)</arg>
<doc>Executes the given JavaScript code with possible arguments.</doc>
<status status="PASS" start="2025-11-19T11:20:07.872791" elapsed="0.006913"/>
</kw>
<kw name="Click Button" owner="SeleniumLibrary">
<msg time="2025-11-19T11:20:07.880439" level="INFO">Clicking button 'xpath://button[@id='submit']'.</msg>
<arg>${butn_submit}</arg>
<doc>Clicks the button identified by ``locator``.</doc>
<status status="PASS" start="2025-11-19T11:20:07.879939" elapsed="0.101871"/>
</kw>
<status status="PASS" start="2025-11-19T11:20:07.872328" elapsed="0.109649"/>
</kw>
<kw name="Sleep" owner="BuiltIn">
<msg time="2025-11-19T11:20:10.982692" level="INFO">Slept 3 seconds.</msg>
<arg>3 seconds</arg>
<doc>Pauses the test executed for the given time.</doc>
<status status="PASS" start="2025-11-19T11:20:07.982147" elapsed="3.001016"/>
</kw>
<kw name="Verify Successful Login" owner="RegisterKeywords">
<kw name="Page Should Contain" owner="SeleniumLibrary">
<msg time="2025-11-19T11:20:11.033753" level="INFO">Current page contains text 'Thanks for submitting the form'.</msg>
<arg>Thanks for submitting the form</arg>
<doc>Verifies that current page contains ``text``.</doc>
<status status="PASS" start="2025-11-19T11:20:10.985708" elapsed="0.048284"/>
</kw>
<status status="PASS" start="2025-11-19T11:20:10.984206" elapsed="0.050050"/>
</kw>
<kw name="Close my Browsers" owner="RegisterKeywords">
<kw name="Close All Browsers" owner="SeleniumLibrary">
<doc>Closes all open browsers and resets the browser cache.</doc>
<status status="PASS" start="2025-11-19T11:20:11.035376" elapsed="0.064984"/>
</kw>
<status status="PASS" start="2025-11-19T11:20:11.034681" elapsed="0.065882"/>
</kw>
<status status="PASS" start="2025-11-19T11:20:02.513606" elapsed="8.587145"/>
</test>
<status status="PASS" start="2025-11-19T11:20:02.370073" elapsed="8.731216"/>
</suite>
<status status="PASS" start="2025-11-19T11:20:02.351493" elapsed="8.750519"/>
</suite>
<statistics>
<total>
<stat pass="1" fail="0" skip="0">All Tests</stat>
</total>
<tag>
</tag>
<suite>
<stat name="TestCases" id="s1" pass="1" fail="0" skip="0">TestCases</stat>
<stat name="RegistrationTest" id="s1-s1" pass="1" fail="0" skip="0">TestCases.RegistrationTest</stat>
</suite>
</statistics>
<errors>
</errors>
</robot>
