<?xml version="1.0" encoding="UTF-8"?>
<robot generator="Robot 7.3.2 (Python 3.10.12 on linux)" generated="2025-11-19T11:20:02.345821" rpa="false" schemaversion="5">
<suite id="s1" name="TestCases" source="/home/gaurang/PycharmProjects/PomAutomation/TestCases">
<suite id="s1-s1" name="LoginTest" source="/home/gaurang/PycharmProjects/PomAutomation/TestCases/LoginTest.robot">
<test id="s1-s1-t1" name="Login" line="12">
<kw name="Open my Browser" owner="LoginKeywords">
<kw name="Open Browser" owner="SeleniumLibrary">
<msg time="2025-11-19T11:20:02.515373" level="INFO">Opening browser 'chrome' to base url 'https://practicetestautomation.com/practice-test-login/'.</msg>
<arg>${SiteUrl}</arg>
<arg>${Browser}</arg>
<doc>Opens a new browser instance to the optional ``url``.</doc>
<status status="PASS" start="2025-11-19T11:20:02.515036" elapsed="2.903087"/>
</kw>
<kw name="Maximize Browser Window" owner="SeleniumLibrary">
<doc>Maximizes current browser window.</doc>
<status status="PASS" start="2025-11-19T11:20:05.418524" elapsed="0.031069"/>
</kw>
<arg>${SiteUrl}</arg>
<arg>${Browser}</arg>
<status status="PASS" start="2025-11-19T11:20:02.514062" elapsed="2.935806"/>
</kw>
<kw name="Enter Username" owner="LoginKeywords">
<kw name="Input Text" owner="SeleniumLibrary">
<msg time="2025-11-19T11:20:05.452183" level="INFO">Typing text 'student' into text field 'name:username'.</msg>
<arg>${txt_loginUserName}</arg>
<arg>${username}</arg>
<doc>Types the given ``text`` into the text field identified by ``locator``.</doc>
<status status="PASS" start="2025-11-19T11:20:05.451146" elapsed="0.100567"/>
</kw>
<arg>${user}</arg>
<status status="PASS" start="2025-11-19T11:20:05.450291" elapsed="0.101637"/>
</kw>
<kw name="Enter Password" owner="LoginKeywords">
<kw name="Input Text" owner="SeleniumLibrary">
<msg time="2025-11-19T11:20:05.553337" level="INFO">Typing text 'Password123' into text field 'name:password'.</msg>
<arg>${txt_loginPassword}</arg>
<arg>${password}</arg>
<doc>Types the given ``text`` into the text field identified by ``locator``.</doc>
<status status="PASS" start="2025-11-19T11:20:05.552748" elapsed="0.083900"/>
</kw>
<arg>${pwd}</arg>
<status status="PASS" start="2025-11-19T11:20:05.552164" elapsed="0.084736"/>
</kw>
<kw name="Click Submit" owner="LoginKeywords">
<kw name="Click Button" owner="SeleniumLibrary">
<msg time="2025-11-19T11:20:05.638246" level="INFO">Clicking button 'xpath://button[@id='submit']'.</msg>
<arg>${btn_submit}</arg>
<doc>Clicks the button identified by ``locator``.</doc>
<status status="PASS" start="2025-11-19T11:20:05.637817" elapsed="0.820565"/>
</kw>
<status status="PASS" start="2025-11-19T11:20:05.637242" elapsed="0.821417"/>
</kw>
<kw name="Sleep" owner="BuiltIn">
<msg time="2025-11-19T11:20:09.459676" level="INFO">Slept 3 seconds.</msg>
<arg>3 seconds</arg>
<doc>Pauses the test executed for the given time.</doc>
<status status="PASS" start="2025-11-19T11:20:06.458963" elapsed="3.001193"/>
</kw>
<kw name="Verify Successful Login" owner="LoginKeywords">
<kw name="Title Should Be" owner="SeleniumLibrary">
<msg time="2025-11-19T11:20:09.470580" level="INFO">Page title is 'Logged In Successfully | Practice Test Automation'.</msg>
<arg>Logged In Successfully | Practice Test Automation</arg>
<doc>Verifies that the current page title equals ``title``.</doc>
<status status="PASS" start="2025-11-19T11:20:09.462709" elapsed="0.008010"/>
</kw>
<status status="PASS" start="2025-11-19T11:20:09.461190" elapsed="0.009675"/>
</kw>
<kw name="Close my Browsers" owner="LoginKeywords">
<kw name="Close All Browsers" owner="SeleniumLibrary">
<doc>Closes all open browsers and resets the browser cache.</doc>
<status status="PASS" start="2025-11-19T11:20:09.471509" elapsed="0.058129"/>
</kw>
<status status="PASS" start="2025-11-19T11:20:09.471113" elapsed="0.058682"/>
</kw>
<status status="PASS" start="2025-11-19T11:20:02.513296" elapsed="7.016679"/>
</test>
<status status="PASS" start="2025-11-19T11:20:02.370092" elapsed="7.160383"/>
</suite>
<status status="PASS" start="2025-11-19T11:20:02.351485" elapsed="7.179643"/>
</suite>
<statistics>
<total>
<stat pass="1" fail="0" skip="0">All Tests</stat>
</total>
<tag>
</tag>
<suite>
<stat name="TestCases" id="s1" pass="1" fail="0" skip="0">TestCases</stat>
<stat name="LoginTest" id="s1-s1" pass="1" fail="0" skip="0">TestCases.LoginTest</stat>
</suite>
</statistics>
<errors>
</errors>
</robot>
