<?xml version="1.0" encoding="UTF-8"?>
<robot generator="Robot 7.3.2 (Python 3.10.12 on linux)" generated="2025-11-10T10:35:30.757158" rpa="false" schemaversion="5">
<suite id="s1" name="Ddt3" source="/home/gaurang/PycharmProjects/Automation/TestCases/ddt3.robot">
<kw name="LaunchBrowser" owner="login_resources1" type="SETUP">
<kw name="Open Browser" owner="SeleniumLibrary">
<msg time="2025-11-10T10:35:30.931650" level="INFO">Opening browser 'chrome' to base url 'https://practicetestautomation.com/practice-test-login/'.</msg>
<arg>${login url}</arg>
<arg>${browser}</arg>
<doc>Opens a new browser instance to the optional ``url``.</doc>
<status status="PASS" start="2025-11-10T10:35:30.931327" elapsed="2.826877"/>
</kw>
<kw name="Maximize Browser Window" owner="SeleniumLibrary">
<doc>Maximizes current browser window.</doc>
<status status="PASS" start="2025-11-10T10:35:33.759201" elapsed="0.046902"/>
</kw>
<status status="PASS" start="2025-11-10T10:35:30.930493" elapsed="2.875774"/>
</kw>
<test id="s1-t1" name="LogintestwithExcel student" line="10">
<kw name="InvalidLogin">
<kw name="InputUsername" owner="login_resources1">
<kw name="Input Text" owner="SeleniumLibrary">
<msg time="2025-11-10T10:35:33.810396" level="INFO">Typing text 'student' into text field 'id:username'.</msg>
<arg>id:username</arg>
<arg>${username}</arg>
<doc>Types the given ``text`` into the text field identified by ``locator``.</doc>
<status status="PASS" start="2025-11-10T10:35:33.809966" elapsed="0.084689"/>
</kw>
<arg>${username}</arg>
<status status="PASS" start="2025-11-10T10:35:33.809399" elapsed="0.085466"/>
</kw>
<kw name="InputPassword" owner="login_resources1">
<kw name="Input Text" owner="SeleniumLibrary">
<msg time="2025-11-10T10:35:33.896301" level="INFO">Typing text 'pass:' into text field 'id:password'.</msg>
<arg>id:password</arg>
<arg>${password}</arg>
<doc>Types the given ``text`` into the text field identified by ``locator``.</doc>
<status status="PASS" start="2025-11-10T10:35:33.895852" elapsed="0.065943"/>
</kw>
<arg>${password}</arg>
<status status="PASS" start="2025-11-10T10:35:33.895194" elapsed="0.066846"/>
</kw>
<kw name="ClickLogin" owner="login_resources1">
<kw name="Click Element" owner="SeleniumLibrary">
<msg time="2025-11-10T10:35:33.963161" level="INFO">Clicking element 'xpath://button[@id='submit']'.</msg>
<arg>xpath://button[@id='submit']</arg>
<doc>Click the element identified by ``locator``.</doc>
<status status="PASS" start="2025-11-10T10:35:33.962882" elapsed="0.052771"/>
</kw>
<status status="PASS" start="2025-11-10T10:35:33.962360" elapsed="0.053442"/>
</kw>
<kw name="ErrorMessage" owner="login_resources1">
<kw name="Wait Until Page Contains" owner="SeleniumLibrary">
<arg>invalid!</arg>
<doc>Waits until ``text`` appears on the current page.</doc>
<status status="PASS" start="2025-11-10T10:35:34.016789" elapsed="0.012556"/>
</kw>
<status status="PASS" start="2025-11-10T10:35:34.016088" elapsed="0.013501"/>
</kw>
<arg>username=student</arg>
<arg>password=pass:</arg>
<status status="PASS" start="2025-11-10T10:35:33.808692" elapsed="0.221034"/>
</kw>
<status status="PASS" start="2025-11-10T10:35:33.806448" elapsed="0.223531"/>
</test>
<test id="s1-t2" name="LogintestwithExcel stu" line="10">
<kw name="InvalidLogin">
<kw name="InputUsername" owner="login_resources1">
<kw name="Input Text" owner="SeleniumLibrary">
<msg time="2025-11-10T10:35:34.033805" level="INFO">Typing text 'stu' into text field 'id:username'.</msg>
<arg>id:username</arg>
<arg>${username}</arg>
<doc>Types the given ``text`` into the text field identified by ``locator``.</doc>
<status status="PASS" start="2025-11-10T10:35:34.033265" elapsed="0.056552"/>
</kw>
<arg>${username}</arg>
<status status="PASS" start="2025-11-10T10:35:34.032611" elapsed="0.057465"/>
</kw>
<kw name="InputPassword" owner="login_resources1">
<kw name="Input Text" owner="SeleniumLibrary">
<msg time="2025-11-10T10:35:34.091637" level="INFO">Typing text 'password' into text field 'id:password'.</msg>
<arg>id:password</arg>
<arg>${password}</arg>
<doc>Types the given ``text`` into the text field identified by ``locator``.</doc>
<status status="PASS" start="2025-11-10T10:35:34.091212" elapsed="0.053914"/>
</kw>
<arg>${password}</arg>
<status status="PASS" start="2025-11-10T10:35:34.090486" elapsed="0.054815"/>
</kw>
<kw name="ClickLogin" owner="login_resources1">
<kw name="Click Element" owner="SeleniumLibrary">
<msg time="2025-11-10T10:35:34.146146" level="INFO">Clicking element 'xpath://button[@id='submit']'.</msg>
<arg>xpath://button[@id='submit']</arg>
<doc>Click the element identified by ``locator``.</doc>
<status status="PASS" start="2025-11-10T10:35:34.145910" elapsed="0.039358"/>
</kw>
<status status="PASS" start="2025-11-10T10:35:34.145541" elapsed="0.039895"/>
</kw>
<kw name="ErrorMessage" owner="login_resources1">
<kw name="Wait Until Page Contains" owner="SeleniumLibrary">
<arg>invalid!</arg>
<doc>Waits until ``text`` appears on the current page.</doc>
<status status="PASS" start="2025-11-10T10:35:34.186050" elapsed="0.007816"/>
</kw>
<status status="PASS" start="2025-11-10T10:35:34.185638" elapsed="0.008369"/>
</kw>
<arg>username=stu</arg>
<arg>password=password</arg>
<status status="PASS" start="2025-11-10T10:35:34.031836" elapsed="0.162261"/>
</kw>
<status status="PASS" start="2025-11-10T10:35:34.030312" elapsed="0.163995"/>
</test>
<test id="s1-t3" name="LogintestwithExcel 123" line="10">
<kw name="InvalidLogin">
<kw name="InputUsername" owner="login_resources1">
<kw name="Input Text" owner="SeleniumLibrary">
<msg time="2025-11-10T10:35:34.196729" level="INFO">Typing text '123' into text field 'id:username'.</msg>
<arg>id:username</arg>
<arg>${username}</arg>
<doc>Types the given ``text`` into the text field identified by ``locator``.</doc>
<status status="PASS" start="2025-11-10T10:35:34.196485" elapsed="0.052271"/>
</kw>
<arg>${username}</arg>
<status status="PASS" start="2025-11-10T10:35:34.196137" elapsed="0.052782"/>
</kw>
<kw name="InputPassword" owner="login_resources1">
<kw name="Input Text" owner="SeleniumLibrary">
<msg time="2025-11-10T10:35:34.249988" level="INFO">Typing text '123' into text field 'id:password'.</msg>
<arg>id:password</arg>
<arg>${password}</arg>
<doc>Types the given ``text`` into the text field identified by ``locator``.</doc>
<status status="PASS" start="2025-11-10T10:35:34.249658" elapsed="0.055634"/>
</kw>
<arg>${password}</arg>
<status status="PASS" start="2025-11-10T10:35:34.249202" elapsed="0.056296"/>
</kw>
<kw name="ClickLogin" owner="login_resources1">
<kw name="Click Element" owner="SeleniumLibrary">
<msg time="2025-11-10T10:35:34.306645" level="INFO">Clicking element 'xpath://button[@id='submit']'.</msg>
<arg>xpath://button[@id='submit']</arg>
<doc>Click the element identified by ``locator``.</doc>
<status status="PASS" start="2025-11-10T10:35:34.306279" elapsed="0.040028"/>
</kw>
<status status="PASS" start="2025-11-10T10:35:34.305802" elapsed="0.040702"/>
</kw>
<kw name="ErrorMessage" owner="login_resources1">
<kw name="Wait Until Page Contains" owner="SeleniumLibrary">
<arg>invalid!</arg>
<doc>Waits until ``text`` appears on the current page.</doc>
<status status="PASS" start="2025-11-10T10:35:34.347362" elapsed="0.007043"/>
</kw>
<status status="PASS" start="2025-11-10T10:35:34.346799" elapsed="0.007759"/>
</kw>
<arg>username=123</arg>
<arg>password=123</arg>
<status status="PASS" start="2025-11-10T10:35:34.195717" elapsed="0.158920"/>
</kw>
<status status="PASS" start="2025-11-10T10:35:34.194576" elapsed="0.160264"/>
</test>
<kw name="CloseBrowser" owner="login_resources1" type="TEARDOWN">
<kw name="Close All Browsers" owner="SeleniumLibrary">
<doc>Closes all open browsers and resets the browser cache.</doc>
<status status="PASS" start="2025-11-10T10:35:34.355659" elapsed="0.057531"/>
</kw>
<status status="PASS" start="2025-11-10T10:35:34.355383" elapsed="0.057973"/>
</kw>
<status status="PASS" start="2025-11-10T10:35:30.758031" elapsed="3.655382"/>
</suite>
<statistics>
<total>
<stat pass="3" fail="0" skip="0">All Tests</stat>
</total>
<tag>
</tag>
<suite>
<stat name="Ddt3" id="s1" pass="3" fail="0" skip="0">Ddt3</stat>
</suite>
</statistics>
<errors>
</errors>
</robot>
